[1021/174152.802:ERROR:directory_reader_win.cc(43)] FindFirstFile: The system cannot find the path specified. (0x3)
[1022/194443.833:ERROR:directory_reader_win.cc(43)] FindFirstFile: The system cannot find the path specified. (0x3)
[1023/103824.830:ERROR:directory_reader_win.cc(43)] FindFirstFile: The system cannot find the path specified. (0x3)
[1021/111122.635:ERROR:directory_reader_win.cc(43)] FindFirstFile: The system cannot find the path specified. (0x3)
[1021/115429.384:ERROR:filesystem_win.cc(129)] GetFileAttributes C:\Users\emwan\AppData\Local\Temp\karma-71115975\Crashpad\attachments\0a90f0b1-7776-4bb9-a787-7333d633b847: The system cannot find the path specified. (0x3)
[1021/115429.812:ERROR:process_reader_win.cc(151)] SuspendThread: Access is denied. (0x5)
[1021/120511.065:ERROR:directory_reader_win.cc(43)] FindFirstFile: The system cannot find the path specified. (0x3)
[1021/120548.931:ERROR:filesystem_win.cc(129)] GetFileAttributes C:\Users\emwan\AppData\Local\Temp\karma-80604399\Crashpad\attachments\053d90fc-3147-4d1a-9657-8e204e3a7b0e: The system cannot find the path specified. (0x3)
[1021/120549.225:ERROR:process_reader_win.cc(151)] SuspendThread: Access is denied. (0x5)
[1021/121621.698:ERROR:directory_reader_win.cc(43)] FindFirstFile: The system cannot find the path specified. (0x3)
[1021/122328.324:ERROR:filesystem_win.cc(129)] GetFileAttributes C:\Users\emwan\AppData\Local\Temp\karma-42986377\Crashpad\attachments\940ca73e-e3e7-4979-b7ba-de05d73b08ff: The system cannot find the path specified. (0x3)
[1021/132855.506:ERROR:directory_reader_win.cc(43)] FindFirstFile: The system cannot find the path specified. (0x3)
[1021/135433.192:ERROR:filesystem_win.cc(129)] GetFileAttributes C:\Users\emwan\AppData\Local\Temp\karma-75112495\Crashpad\attachments\4b4b9f3d-cbeb-4f9f-a4c8-d0ae4e090233: The system cannot find the path specified. (0x3)
[1021/140618.818:ERROR:directory_reader_win.cc(43)] FindFirstFile: The system cannot find the path specified. (0x3)
[1021/140829.815:ERROR:process_reader_win.cc(151)] SuspendThread: Access is denied. (0x5)
[1021/140829.941:ERROR:filesystem_win.cc(129)] GetFileAttributes C:\Users\emwan\AppData\Local\Temp\karma-61406961\Crashpad\attachments\c5305bc4-9592-4302-be72-f9c07ef6081a: The system cannot find the path specified. (0x3)
[1021/140829.980:ERROR:process_reader_win.cc(151)] SuspendThread: Access is denied. (0x5)
[1021/140829.980:ERROR:process_reader_win.cc(151)] SuspendThread: Access is denied. (0x5)
[1021/140829.981:ERROR:process_reader_win.cc(151)] SuspendThread: Access is denied. (0x5)
[1021/140831.154:ERROR:process_reader_win.cc(151)] SuspendThread: Access is denied. (0x5)
[1021/141902.461:ERROR:filesystem_win.cc(129)] GetFileAttributes C:\Users\emwan\AppData\Local\Temp\karma-22582799\Crashpad\attachments\18dc57f8-c6d7-452f-bf65-97aa0e240c7e: The system cannot find the path specified. (0x3)
[1021/141902.780:ERROR:process_reader_win.cc(151)] SuspendThread: Access is denied. (0x5)
[1021/141902.780:ERROR:process_reader_win.cc(151)] SuspendThread: Access is denied. (0x5)
[1021/141903.297:ERROR:process_reader_win.cc(151)] SuspendThread: Access is denied. (0x5)
[1021/142954.714:ERROR:directory_reader_win.cc(43)] FindFirstFile: The system cannot find the path specified. (0x3)
[1021/143836.802:ERROR:filesystem_win.cc(129)] GetFileAttributes C:\Users\emwan\AppData\Local\Temp\karma-40981294\Crashpad\attachments\bd131505-181c-4912-97cb-7998cdd0eea1: The system cannot find the path specified. (0x3)
[1021/145838.503:ERROR:filesystem_win.cc(129)] GetFileAttributes C:\Users\emwan\AppData\Local\Temp\karma-9619171\Crashpad\attachments\6d18d138-4f4f-49db-9d82-4cdc6e3eae5e: The system cannot find the path specified. (0x3)
[1021/224455.288:ERROR:filesystem_win.cc(129)] GetFileAttributes C:\Users\emwan\AppData\Local\Temp\karma-2030619\Crashpad\attachments\548cf4e5-1809-4a9f-b7bb-e79e96a0b5fc: The system cannot find the path specified. (0x3)
[1021/232906.607:ERROR:directory_reader_win.cc(43)] FindFirstFile: The system cannot find the path specified. (0x3)
<<<<<<< HEAD
[1021/232931.226:ERROR:filesystem_win.cc(129)] GetFileAttributes C:\Users\emwan\AppData\Local\Temp\karma-8027664\Crashpad\attachments\de56d801-5ec1-4b8a-b6a1-fec455e6733e: The system cannot find the path specified. (0x3)[1026/153956.155:ERROR:directory_reader_win.cc(43)] FindFirstFile: The system cannot find the path specified. (0x3)
[1026/155824.669:ERROR:file_io_win.cc(171)] CreateFile C:\Users\vinish\AppData\Local\Temp\karma-8946571\Crashpad\reports\943fde4d-97d0-49ae-9299-296254881eb0.dmp: The system cannot find the path specified. (0x3)
[1026/155824.671:ERROR:crash_report_exception_handler.cc(99)] PrepareNewCrashReport failed
[1026/155824.943:ERROR:file_io_win.cc(171)] CreateFile C:\Users\vinish\AppData\Local\Temp\karma-8946571\Crashpad\reports\e5afdd96-2413-4c99-8a71-ea1c382b106d.dmp: The system cannot find the path specified. (0x3)
[1026/155824.943:ERROR:crash_report_exception_handler.cc(99)] PrepareNewCrashReport failed
[1026/155825.076:ERROR:file_io_win.cc(171)] CreateFile C:\Users\vinish\AppData\Local\Temp\karma-8946571\Crashpad\reports\0969e016-0d58-43da-97cc-612ea7b7f01b.dmp: The system cannot find the path specified. (0x3)
[1026/155825.076:ERROR:crash_report_exception_handler.cc(99)] PrepareNewCrashReport failed
[1026/155825.711:ERROR:file_io_win.cc(171)] CreateFile C:\Users\vinish\AppData\Local\Temp\karma-8946571\Crashpad\reports\17f38524-3ef9-47c4-b276-0d8c8f772809.dmp: The system cannot find the path specified. (0x3)
[1026/155825.711:ERROR:crash_report_exception_handler.cc(99)] PrepareNewCrashReport failed
[1026/162712.538:ERROR:directory_reader_win.cc(43)] FindFirstFile: The system cannot find the path specified. (0x3)
[1026/191253.145:ERROR:directory_reader_win.cc(43)] FindFirstFile: The system cannot find the path specified. (0x3)
[1026/201446.019:ERROR:directory_reader_win.cc(43)] FindFirstFile: The system cannot find the path specified. (0x3)
=======
[1021/232931.226:ERROR:filesystem_win.cc(129)] GetFileAttributes C:\Users\emwan\AppData\Local\Temp\karma-8027664\Crashpad\attachments\de56d801-5ec1-4b8a-b6a1-fec455e6733e: The system cannot find the path specified. (0x3)[1026/163739.435:ERROR:directory_reader_win.cc(43)] FindFirstFile: The system cannot find the path specified. (0x3)
[1026/171325.760:ERROR:directory_reader_win.cc(43)] FindFirstFile: The system cannot find the path specified. (0x3)
[1026/173751.178:ERROR:directory_reader_win.cc(43)] FindFirstFile: The system cannot find the path specified. (0x3)
[1026/174655.324:ERROR:filesystem_win.cc(129)] GetFileAttributes C:\Users\emwan\AppData\Local\Temp\karma-64679859\Crashpad\attachments\78137fdd-146d-42c5-8f5f-b7292ff506cd: The system cannot find the path specified. (0x3)
[1026/175729.093:ERROR:directory_reader_win.cc(43)] FindFirstFile: The system cannot find the path specified. (0x3)
[1026/175932.129:ERROR:filesystem_win.cc(129)] GetFileAttributes C:\Users\emwan\AppData\Local\Temp\karma-71739174\Crashpad\attachments\2892a630-7818-4c65-816e-232ab4892ddd: The system cannot find the path specified. (0x3)
>>>>>>> 91966dc885daa54ecba29dc6ccf5d85240b6d28a
[1027/155934.058:ERROR:directory_reader_win.cc(43)] FindFirstFile: The system cannot find the path specified. (0x3)
